  0%|          | 0/1 [00:00<?, ?it/s]/home/marcush/projects/neural_control/analysis_scripts/turnkey/./Fig6.py:55: RuntimeWarning: More than 20 figures have been opened. Figures created through the pyplot interface (`matplotlib.pyplot.figure`) are retained until explicitly closed and may consume too much memory. (To control this warning, see the rcParam `figure.max_open_warning`). Consider using `matplotlib.pyplot.close()`.
  fig1, ax1 = plt.subplots(1, 1, figsize=(5, 5))
100%|██████████| 1/1 [30:41<00:00, 1841.68s/it]100%|██████████| 1/1 [30:41<00:00, 1841.68s/it]
Preloading data...
Preloading data...
Begin Loading Data Fresh ...
FILTERING SPIKE RATES!
Begin Loading Data Fresh ...
FILTERING SPIKE RATES!
Begin Loading Data Fresh ...
FILTERING SPIKE RATES!
Begin Loading Data Fresh ...
FILTERING SPIKE RATES!
Begin Loading Data Fresh ...
FILTERING SPIKE RATES!
Begin Loading Data Fresh ...
FILTERING SPIKE RATES!
Begin Loading Data Fresh ...
FILTERING SPIKE RATES!
Begin Loading Data Fresh ...
FILTERING SPIKE RATES!
Begin Loading Data Fresh ...
FILTERING SPIKE RATES!
Begin Loading Data Fresh ...
FILTERING SPIKE RATES!
Begin Loading Data Fresh ...
FILTERING SPIKE RATES!
Begin Loading Data Fresh ...
FILTERING SPIKE RATES!
Begin Loading Data Fresh ...
FILTERING SPIKE RATES!
Begin Loading Data Fresh ...
FILTERING SPIKE RATES!
Begin Loading Data Fresh ...
FILTERING SPIKE RATES!
Begin Loading Data Fresh ...
FILTERING SPIKE RATES!
Begin Loading Data Fresh ...
FILTERING SPIKE RATES!
Begin Loading Data Fresh ...
FILTERING SPIKE RATES!
Begin Loading Data Fresh ...
FILTERING SPIKE RATES!
Done with region: VISp
